Processor 14 handles rows from 4677 to 4841
Processor 15 handles rows from 4841 to 4999
Processor 2 handles rows from 1767 to 2164
Processor 6 handles rows from 3061 to 3307
Processor 0 handles rows from 0 to 1249
Processor 10 handles rows from 3952 to 4145
Processor 13 handles rows from 4506 to 4677
Processor 9 handles rows from 3749 to 3952
Processor 11 handles rows from 4145 to 4330
Processor 12 handles rows from 4330 to 4506
Processor 7 handles rows from 3307 to 3535
Processor 5 handles rows from 2794 to 3061
Processor 8 handles rows from 3535 to 3749
Processor 1 handles rows from 1249 to 1767
Processor 4 handles rows from 2499 to 2794
Processor 3 handles rows from 2164 to 2499
Geriausias rastas sprendinys (tasku indeksai duomenu masyve): 11	31	35	
Geriausia reiksme: 285404
Duomenu ikelimo laikas: 645.79 s.
Atstumu matricos skaiciavimo laikas: 0.316532 s.
Sprendinio paieskos laikas: 0.36632 s.
Naudotu procesoriu skaicius: 16
